{"contracts/NftMarketplace.sol":{"l":{"51":11,"52":11,"53":1,"55":10,"63":15,"64":15,"65":15,"66":2,"68":13,"72":10,"73":10,"74":3,"76":7,"88":10,"89":0,"91":10,"93":10,"94":0,"96":10,"97":10,"106":4,"107":4,"108":1,"110":3,"111":3,"112":3,"113":3,"121":1,"122":1,"130":1,"131":1,"135":2,"136":2,"137":1,"139":1,"140":1,"141":1,"142":0,"151":1,"155":2},"path":"/Users/ben/hh-fcc/hardhat-nft-marketplace-fcc/contracts/NftMarketplace.sol","s":{"1":11,"2":11,"3":15,"4":15,"5":15,"6":10,"7":10,"8":10,"9":10,"10":10,"11":10,"12":10,"13":4,"14":4,"15":3,"16":3,"17":3,"18":1,"19":1,"20":2,"21":2,"22":1,"23":1,"24":1,"25":1,"26":2},"b":{"1":[1,10],"2":[2,13],"3":[3,7],"4":[0,10],"5":[0,10],"6":[1,3],"7":[1,1],"8":[0,1]},"f":{"1":11,"2":15,"3":10,"4":10,"5":4,"6":1,"7":1,"8":2,"9":1,"10":2},"fnMap":{"1":{"name":"notListed","line":46,"loc":{"start":{"line":46,"column":4},"end":{"line":56,"column":4}}},"2":{"name":"isOwner","line":58,"loc":{"start":{"line":58,"column":4},"end":{"line":69,"column":4}}},"3":{"name":"isListed","line":71,"loc":{"start":{"line":71,"column":4},"end":{"line":77,"column":4}}},"4":{"name":"listItem","line":86,"loc":{"start":{"line":79,"column":4},"end":{"line":98,"column":4}}},"5":{"name":"buyItem","line":104,"loc":{"start":{"line":100,"column":4},"end":{"line":114,"column":4}}},"6":{"name":"cancelListing","line":119,"loc":{"start":{"line":116,"column":4},"end":{"line":123,"column":4}}},"7":{"name":"updateListing","line":129,"loc":{"start":{"line":125,"column":4},"end":{"line":132,"column":4}}},"8":{"name":"withdrawProceeds","line":134,"loc":{"start":{"line":134,"column":4},"end":{"line":144,"column":4}}},"9":{"name":"getListing","line":146,"loc":{"start":{"line":146,"column":4},"end":{"line":152,"column":4}}},"10":{"name":"getProceeds","line":154,"loc":{"start":{"line":154,"column":4},"end":{"line":156,"column":4}}}},"statementMap":{"1":{"start":{"line":51,"column":8},"end":{"line":51,"column":64}},"2":{"start":{"line":52,"column":8},"end":{"line":52,"column":1488}},"3":{"start":{"line":63,"column":8},"end":{"line":63,"column":41}},"4":{"start":{"line":64,"column":8},"end":{"line":64,"column":44}},"5":{"start":{"line":65,"column":8},"end":{"line":65,"column":1816}},"6":{"start":{"line":72,"column":8},"end":{"line":72,"column":64}},"7":{"start":{"line":73,"column":8},"end":{"line":73,"column":2050}},"8":{"start":{"line":88,"column":8},"end":{"line":88,"column":2406}},"9":{"start":{"line":91,"column":8},"end":{"line":91,"column":41}},"10":{"start":{"line":93,"column":8},"end":{"line":93,"column":2543}},"11":{"start":{"line":96,"column":8},"end":{"line":96,"column":67}},"12":{"start":{"line":97,"column":8},"end":{"line":97,"column":63}},"13":{"start":{"line":106,"column":8},"end":{"line":106,"column":67}},"14":{"start":{"line":107,"column":8},"end":{"line":107,"column":3041}},"15":{"start":{"line":110,"column":8},"end":{"line":110,"column":80}},"16":{"start":{"line":112,"column":8},"end":{"line":112,"column":83}},"17":{"start":{"line":113,"column":8},"end":{"line":113,"column":74}},"18":{"start":{"line":122,"column":8},"end":{"line":122,"column":58}},"19":{"start":{"line":131,"column":8},"end":{"line":131,"column":66}},"20":{"start":{"line":135,"column":8},"end":{"line":135,"column":49}},"21":{"start":{"line":136,"column":8},"end":{"line":136,"column":4179}},"22":{"start":{"line":139,"column":8},"end":{"line":139,"column":33}},"23":{"start":{"line":140,"column":8},"end":{"line":140,"column":72}},"24":{"start":{"line":141,"column":8},"end":{"line":141,"column":4377}},"25":{"start":{"line":151,"column":8},"end":{"line":151,"column":46}},"26":{"start":{"line":155,"column":8},"end":{"line":155,"column":33}}},"branchMap":{"1":{"line":52,"type":"if","locations":[{"start":{"line":52,"column":8},"end":{"line":52,"column":8}},{"start":{"line":52,"column":8},"end":{"line":52,"column":8}}]},"2":{"line":65,"type":"if","locations":[{"start":{"line":65,"column":8},"end":{"line":65,"column":8}},{"start":{"line":65,"column":8},"end":{"line":65,"column":8}}]},"3":{"line":73,"type":"if","locations":[{"start":{"line":73,"column":8},"end":{"line":73,"column":8}},{"start":{"line":73,"column":8},"end":{"line":73,"column":8}}]},"4":{"line":88,"type":"if","locations":[{"start":{"line":88,"column":8},"end":{"line":88,"column":8}},{"start":{"line":88,"column":8},"end":{"line":88,"column":8}}]},"5":{"line":93,"type":"if","locations":[{"start":{"line":93,"column":8},"end":{"line":93,"column":8}},{"start":{"line":93,"column":8},"end":{"line":93,"column":8}}]},"6":{"line":107,"type":"if","locations":[{"start":{"line":107,"column":8},"end":{"line":107,"column":8}},{"start":{"line":107,"column":8},"end":{"line":107,"column":8}}]},"7":{"line":136,"type":"if","locations":[{"start":{"line":136,"column":8},"end":{"line":136,"column":8}},{"start":{"line":136,"column":8},"end":{"line":136,"column":8}}]},"8":{"line":141,"type":"if","locations":[{"start":{"line":141,"column":8},"end":{"line":141,"column":8}},{"start":{"line":141,"column":8},"end":{"line":141,"column":8}}]}}},"contracts/test/BasicNft.sol":{"l":{"14":3,"18":13,"19":13,"20":13,"24":0,"25":0,"29":0},"path":"/Users/ben/hh-fcc/hardhat-nft-marketplace-fcc/contracts/test/BasicNft.sol","s":{"1":3,"2":13,"3":13,"4":13,"5":0,"6":0,"7":0},"b":{"1":[0,0]},"f":{"1":3,"2":13,"3":0,"4":0},"fnMap":{"1":{"name":"constructor","line":13,"loc":{"start":{"line":13,"column":4},"end":{"line":15,"column":4}}},"2":{"name":"mintNft","line":17,"loc":{"start":{"line":17,"column":4},"end":{"line":21,"column":4}}},"3":{"name":"tokenURI","line":23,"loc":{"start":{"line":23,"column":4},"end":{"line":26,"column":4}}},"4":{"name":"getTokenCounter","line":28,"loc":{"start":{"line":28,"column":4},"end":{"line":30,"column":4}}}},"statementMap":{"1":{"start":{"line":14,"column":8},"end":{"line":14,"column":25}},"2":{"start":{"line":18,"column":8},"end":{"line":18,"column":44}},"3":{"start":{"line":19,"column":8},"end":{"line":19,"column":38}},"4":{"start":{"line":20,"column":8},"end":{"line":20,"column":42}},"5":{"start":{"line":24,"column":8},"end":{"line":24,"column":83}},"6":{"start":{"line":25,"column":8},"end":{"line":25,"column":24}},"7":{"start":{"line":29,"column":8},"end":{"line":29,"column":29}}},"branchMap":{"1":{"line":24,"type":"if","locations":[{"start":{"line":24,"column":8},"end":{"line":24,"column":8}},{"start":{"line":24,"column":8},"end":{"line":24,"column":8}}]}}}}