TN:
SF:/Users/ben/hh-fcc/hardhat-nft-marketplace-fcc/contracts/NftMarketplace.sol
FN:46,notListed
FN:58,isOwner
FN:71,isListed
FN:86,listItem
FN:104,buyItem
FN:119,cancelListing
FN:129,updateListing
FN:134,withdrawProceeds
FN:146,getListing
FN:154,getProceeds
FNF:10
FNH:10
FNDA:11,notListed
FNDA:15,isOwner
FNDA:10,isListed
FNDA:10,listItem
FNDA:4,buyItem
FNDA:1,cancelListing
FNDA:1,updateListing
FNDA:2,withdrawProceeds
FNDA:1,getListing
FNDA:2,getProceeds
DA:51,11
DA:52,11
DA:53,1
DA:55,10
DA:63,15
DA:64,15
DA:65,15
DA:66,2
DA:68,13
DA:72,10
DA:73,10
DA:74,3
DA:76,7
DA:88,10
DA:89,0
DA:91,10
DA:93,10
DA:94,0
DA:96,10
DA:97,10
DA:106,4
DA:107,4
DA:108,1
DA:110,3
DA:111,3
DA:112,3
DA:113,3
DA:121,1
DA:122,1
DA:130,1
DA:131,1
DA:135,2
DA:136,2
DA:137,1
DA:139,1
DA:140,1
DA:141,1
DA:142,0
DA:151,1
DA:155,2
LF:40
LH:37
BRDA:52,1,0,1
BRDA:52,1,1,10
BRDA:65,2,0,2
BRDA:65,2,1,13
BRDA:73,3,0,3
BRDA:73,3,1,7
BRDA:88,4,0,0
BRDA:88,4,1,10
BRDA:93,5,0,0
BRDA:93,5,1,10
BRDA:107,6,0,1
BRDA:107,6,1,3
BRDA:136,7,0,1
BRDA:136,7,1,1
BRDA:141,8,0,0
BRDA:141,8,1,1
BRF:16
BRH:13
end_of_record
TN:
SF:/Users/ben/hh-fcc/hardhat-nft-marketplace-fcc/contracts/test/BasicNft.sol
FN:13,constructor
FN:17,mintNft
FN:23,tokenURI
FN:28,getTokenCounter
FNF:4
FNH:2
FNDA:3,constructor
FNDA:13,mintNft
FNDA:0,tokenURI
FNDA:0,getTokenCounter
DA:14,3
DA:18,13
DA:19,13
DA:20,13
DA:24,0
DA:25,0
DA:29,0
LF:7
LH:4
BRDA:24,1,0,0
BRDA:24,1,1,0
BRF:2
BRH:0
end_of_record
